<?xml version="1.0" encoding="UTF-8"?>
<testng-results ignored="0" total="1" passed="1" failed="0" skipped="0">
  <reporter-output>
  </reporter-output>
  <suite started-at="2020-09-30T15:36:08 PDT" name="Default suite" finished-at="2020-09-30T15:36:53 PDT" duration-ms="44309">
    <groups>
    </groups>
    <test started-at="2020-09-30T15:36:08 PDT" name="Default test" finished-at="2020-09-30T15:36:53 PDT" duration-ms="44309">
      <class name="com.crm.qa.Generatelogs.GenerateLogs">
        <test-method signature="launchbrowser()[pri:0, instance:com.crm.qa.Generatelogs.GenerateLogs@4c371370]" started-at="2020-09-30T15:36:09 PDT" name="launchbrowser" finished-at="2020-09-30T15:36:53 PDT" duration-ms="44177" status="PASS">
          <reporter-output>
          </reporter-output>
        </test-method> <!-- launchbrowser -->
      </class> <!-- com.crm.qa.Generatelogs.GenerateLogs -->
    </test> <!-- Default test -->
  </suite> <!-- Default suite -->
</testng-results>
